::1 - - [21/Oct/2024:19:11:21 -0300] "GET / HTTP/1.1" 200 2321
::1 - - [21/Oct/2024:19:11:24 -0300] "GET /favicon.ico HTTP/1.1" 200 -
::1 - - [21/Oct/2024:19:11:32 -0300] "GET /api/prices/latest?coin=invalidcoin HTTP/1.1" 500 493962
::1 - - [21/Oct/2024:19:18:36 -0300] "GET /api/prices/latest?coin=invalidcoin HTTP/1.1" 500 512561
::1 - - [21/Oct/2024:19:19:38 -0300] "GET /api/prices/latest?coin=invalidcoin HTTP/1.1" 500 512587
::1 - - [21/Oct/2024:19:23:34 -0300] "GET /api/prices/latest?coin=invalidcoin HTTP/1.1" 200 35
::1 - - [21/Oct/2024:19:24:59 -0300] "GET /api/prices/latest?coin=BTC HTTP/1.1" 200 27
::1 - - [21/Oct/2024:19:44:59 -0300] "GET /api/prices/latest?coin=BTC HTTP/1.1" 302 322
::1 - - [21/Oct/2024:19:45:00 -0300] "GET / HTTP/1.1" 200 2321
::1 - - [21/Oct/2024:19:45:10 -0300] "GET /api/prices/latest?coin=invalidcoin HTTP/1.1" 302 322
::1 - - [21/Oct/2024:19:45:10 -0300] "GET / HTTP/1.1" 200 2321
::1 - - [21/Oct/2024:19:45:17 -0300] "GET / HTTP/1.1" 200 2321
::1 - - [21/Oct/2024:19:46:06 -0300] "GET /api/prices/latest?coin=bitcoin HTTP/1.1" 200 32
::1 - - [21/Oct/2024:19:46:15 -0300] "GET /api/prices/latest?coin=fgg HTTP/1.1" 302 322
::1 - - [21/Oct/2024:19:46:16 -0300] "GET / HTTP/1.1" 200 2321
::1 - - [21/Oct/2024:19:48:13 -0300] "GET /api/prices/latest?coin=df HTTP/1.1" 422 313
::1 - - [21/Oct/2024:19:48:43 -0300] "GET /api/prices/latest?coin=polkadot HTTP/1.1" 200 32
::1 - - [21/Oct/2024:19:59:34 -0300] "GET /api/prices/historical HTTP/1.1" 403 617198
::1 - - [21/Oct/2024:20:02:13 -0300] "GET /api/prices/historical?coin=BTC&datetime=2024-10-21%2012:00:00 HTTP/1.1" 403 620151
::1 - - [21/Oct/2024:20:02:29 -0300] "GET /api/prices/historical?coin=biticoin&datetime=2024-10-21%2012:00:00 HTTP/1.1" 403 620325
::1 - - [21/Oct/2024:20:05:51 -0300] "GET /api/prices/historical?coin=biticoin&datetime=2024-10-21%2012:00:00 HTTP/1.1" 403 620664
::1 - - [21/Oct/2024:20:06:27 -0300] "GET /api/prices/historical?coin=biticoin&datetime=2024-10-21%2012:00:00 HTTP/1.1" 403 620638
::1 - - [21/Oct/2024:20:07:02 -0300] "GET /api/prices/latest?coin=invalidcoin HTTP/1.1" 422 313
::1 - - [21/Oct/2024:20:08:06 -0300] "GET /api/prices/latest?coin=invalidcoin HTTP/1.1" 422 313
::1 - - [21/Oct/2024:20:08:09 -0300] "GET /api/prices/historical?coin=biticoin&datetime=2024-10-21%2012:00:00 HTTP/1.1" 403 620608
::1 - - [21/Oct/2024:20:08:59 -0300] "GET /api/prices/latest?coin=invalidcoin HTTP/1.1" 422 313
::1 - - [21/Oct/2024:20:09:03 -0300] "GET /api/prices/latest?coin=invalidcoin HTTP/1.1" 422 313
::1 - - [21/Oct/2024:20:09:06 -0300] "GET /api/prices/latest?coin=bitcoin HTTP/1.1" 200 32
::1 - - [21/Oct/2024:20:09:18 -0300] "GET /api/prices/historical?coin=bitcoin&datetime=2024-10-21%2012:00:00 HTTP/1.1" 403 620297
::1 - - [21/Oct/2024:20:09:30 -0300] "GET /api/prices/latest?coin=bitcoin HTTP/1.1" 200 43
::1 - - [21/Oct/2024:20:10:10 -0300] "GET /api/prices/historical?coin=bitcoin&datetime=2024-10-21%2012:00:00 HTTP/1.1" 403 620608
